<?xml version="1.0" encoding="UTF-8"?>
<testng-results ignored="0" total="0" passed="0" failed="0" skipped="0">
  <reporter-output>
  </reporter-output>
  <suite started-at="2024-11-08T12:40:59 IST" name="Default suite" finished-at="2024-11-08T12:40:59 IST" duration-ms="710">
    <groups>
      <group name="cucumber">
        <method signature="AbstractTestNGCucumberTests.runScenario(io.cucumber.testng.PickleWrapper,io.cucumber.testng.FeatureWrapper)[pri:0, instance:runners.CucumberRunner@38102d01]" name="runScenario" class="io.cucumber.testng.AbstractTestNGCucumberTests"/>
      </group> <!-- cucumber -->
    </groups>
    <test started-at="2024-11-08T12:40:59 IST" name="Default test" finished-at="2024-11-08T12:40:59 IST" duration-ms="710">
      <class name="runners.CucumberRunner">
        <test-method is-config="true" signature="setUpClass(org.testng.ITestContext)[pri:0, instance:runners.CucumberRunner@38102d01]" started-at="2024-11-08T12:40:59 IST" name="setUpClass" finished-at="2024-11-08T12:40:59 IST" duration-ms="361" status="PASS">
          <params>
            <param index="0">
              <value>
                <![CDATA[org.testng.TestRunner@ea27e34]]>
              </value>
            </param>
          </params>
          <reporter-output>
          </reporter-output>
        </test-method> <!-- setUpClass -->
        <test-method is-config="true" signature="tearDownClass()[pri:0, instance:runners.CucumberRunner@38102d01]" started-at="2024-11-08T12:40:59 IST" name="tearDownClass" finished-at="2024-11-08T12:40:59 IST" duration-ms="320" status="PASS">
          <reporter-output>
          </reporter-output>
        </test-method> <!-- tearDownClass -->
      </class> <!-- runners.CucumberRunner -->
    </test> <!-- Default test -->
  </suite> <!-- Default suite -->
</testng-results>
